[2018-02-10 23:37:17] local.ERROR: PDOException: SQLSTATE[HY000] [1045] Access denied for user 'buddhije_beta_4'@'localhost' (using password: YES) in /home/kiran/Downloads/app/vendor/laravel/framework/src/Illuminate/Database/Connectors/Connector.php:47
Stack trace:
#0 /home/kiran/Downloads/app/vendor/laravel/framework/src/Illuminate/Database/Connectors/Connector.php(47): PDO->__construct('mysql:host=127....', 'buddhije_beta_4', 'Pz}nNcvGSnIE', Array)
#1 /home/kiran/Downloads/app/vendor/laravel/framework/src/Illuminate/Database/Connectors/MySqlConnector.php(20): Illuminate\Database\Connectors\Connector->createConnection('mysql:host=127....', Array, Array)
#2 /home/kiran/Downloads/app/vendor/laravel/framework/src/Illuminate/Database/Connectors/ConnectionFactory.php(58): Illuminate\Database\Connectors\MySqlConnector->connect(Array)
#3 /home/kiran/Downloads/app/vendor/laravel/framework/src/Illuminate/Database/Connectors/ConnectionFactory.php(47): Illuminate\Database\Connectors\ConnectionFactory->createSingleConnection(Array)
#4 /home/kiran/Downloads/app/vendor/laravel/framework/src/Illuminate/Database/DatabaseManager.php(177): Illuminate\Database\Connectors\ConnectionFactory->make(Array, 'mysql')
#5 /home/kiran/Downloads/app/vendor/laravel/framework/src/Illuminate/Database/DatabaseManager.php(65): Illuminate\Database\DatabaseManager->makeConnection('mysql')
#6 /home/kiran/Downloads/app/vendor/laravel/framework/src/Illuminate/Database/DatabaseManager.php(304): Illuminate\Database\DatabaseManager->connection()
#7 /home/kiran/Downloads/app/vendor/laravel/framework/src/Illuminate/Support/Facades/Facade.php(210): Illuminate\Database\DatabaseManager->__call('table', Array)
#8 /home/kiran/Downloads/app/app/Http/routes.php(131): Illuminate\Support\Facades\Facade::__callStatic('table', Array)
#9 /home/kiran/Downloads/app/app/Providers/RouteServiceProvider.php(40): require('/home/kiran/Dow...')
#10 [internal function]: App\Providers\RouteServiceProvider->App\Providers\{closure}(Object(Illuminate\Routing\Router))
#11 /home/kiran/Downloads/app/vendor/laravel/framework/src/Illuminate/Routing/Router.php(343): call_user_func(Object(Closure), Object(Illuminate\Routing\Router))
#12 /home/kiran/Downloads/app/app/Providers/RouteServiceProvider.php(41): Illuminate\Routing\Router->group(Array, Object(Closure))
#13 [internal function]: App\Providers\RouteServiceProvider->map(Object(Illuminate\Routing\Router))
#14 /home/kiran/Downloads/app/vendor/laravel/framework/src/Illuminate/Container/Container.php(523): call_user_func_array(Array, Array)
#15 /home/kiran/Downloads/app/vendor/laravel/framework/src/Illuminate/Foundation/Support/Providers/RouteServiceProvider.php(68): Illuminate\Container\Container->call(Array)
#16 /home/kiran/Downloads/app/vendor/laravel/framework/src/Illuminate/Foundation/Support/Providers/RouteServiceProvider.php(31): Illuminate\Foundation\Support\Providers\RouteServiceProvider->loadRoutes()
#17 /home/kiran/Downloads/app/app/Providers/RouteServiceProvider.php(25): Illuminate\Foundation\Support\Providers\RouteServiceProvider->boot(Object(Illuminate\Routing\Router))
#18 [internal function]: App\Providers\RouteServiceProvider->boot(Object(Illuminate\Routing\Router))
#19 /home/kiran/Downloads/app/vendor/laravel/framework/src/Illuminate/Container/Container.php(523): call_user_func_array(Array, Array)
#20 /home/kiran/Downloads/app/vendor/laravel/framework/src/Illuminate/Foundation/Application.php(672): Illuminate\Container\Container->call(Array)
#21 /home/kiran/Downloads/app/vendor/laravel/framework/src/Illuminate/Foundation/Application.php(654): Illuminate\Foundation\Application->bootProvider(Object(App\Providers\RouteServiceProvider))
#22 [internal function]: Illuminate\Foundation\Application->Illuminate\Foundation\{closure}(Object(App\Providers\RouteServiceProvider), 18)
#23 /home/kiran/Downloads/app/vendor/laravel/framework/src/Illuminate/Foundation/Application.php(655): array_walk(Array, Object(Closure))
#24 /home/kiran/Downloads/app/vendor/laravel/framework/src/Illuminate/Foundation/Bootstrap/BootProviders.php(15): Illuminate\Foundation\Application->boot()
#25 /home/kiran/Downloads/app/vendor/laravel/framework/src/Illuminate/Foundation/Application.php(167): Illuminate\Foundation\Bootstrap\BootProviders->bootstrap(Object(Illuminate\Foundation\Application))
#26 /home/kiran/Downloads/app/vendor/laravel/framework/src/Illuminate/Foundation/Console/Kernel.php(191): Illuminate\Foundation\Application->bootstrapWith(Array)
#27 /home/kiran/Downloads/app/vendor/laravel/framework/src/Illuminate/Foundation/Console/Kernel.php(88): Illuminate\Foundation\Console\Kernel->bootstrap()
#28 /home/kiran/Downloads/app/artisan(35): Illuminate\Foundation\Console\Kernel->handle(Object(Symfony\Component\Console\Input\ArgvInput), Object(Symfony\Component\Console\Output\ConsoleOutput))
#29 {main}  
[2018-02-10 23:41:57] local.ERROR: PDOException: SQLSTATE[42S02]: Base table or view not found: 1146 Table 'budhijeevi_beta.tbltakshashila_url' doesn't exist in /home/kiran/Downloads/app/vendor/laravel/framework/src/Illuminate/Database/Connection.php:288
Stack trace:
#0 /home/kiran/Downloads/app/vendor/laravel/framework/src/Illuminate/Database/Connection.php(288): PDO->prepare('select * from `...')
#1 /home/kiran/Downloads/app/vendor/laravel/framework/src/Illuminate/Database/Connection.php(612): Illuminate\Database\Connection->Illuminate\Database\{closure}(Object(Illuminate\Database\MySqlConnection), 'select * from `...', Array)
#2 /home/kiran/Downloads/app/vendor/laravel/framework/src/Illuminate/Database/Connection.php(576): Illuminate\Database\Connection->runQueryCallback('select * from `...', Array, Object(Closure))
#3 /home/kiran/Downloads/app/vendor/laravel/framework/src/Illuminate/Database/Connection.php(293): Illuminate\Database\Connection->run('select * from `...', Array, Object(Closure))
#4 /home/kiran/Downloads/app/vendor/laravel/framework/src/Illuminate/Database/Query/Builder.php(1377): Illuminate\Database\Connection->select('select * from `...', Array, true)
#5 /home/kiran/Downloads/app/vendor/laravel/framework/src/Illuminate/Database/Query/Builder.php(1367): Illuminate\Database\Query\Builder->runSelect()
#6 /home/kiran/Downloads/app/vendor/laravel/framework/src/Illuminate/Database/Query/Builder.php(1354): Illuminate\Database\Query\Builder->getFresh(Array)
#7 /home/kiran/Downloads/app/app/Http/routes.php(131): Illuminate\Database\Query\Builder->get()
#8 /home/kiran/Downloads/app/app/Providers/RouteServiceProvider.php(40): require('/home/kiran/Dow...')
#9 [internal function]: App\Providers\RouteServiceProvider->App\Providers\{closure}(Object(Illuminate\Routing\Router))
#10 /home/kiran/Downloads/app/vendor/laravel/framework/src/Illuminate/Routing/Router.php(343): call_user_func(Object(Closure), Object(Illuminate\Routing\Router))
#11 /home/kiran/Downloads/app/app/Providers/RouteServiceProvider.php(41): Illuminate\Routing\Router->group(Array, Object(Closure))
#12 [internal function]: App\Providers\RouteServiceProvider->map(Object(Illuminate\Routing\Router))
#13 /home/kiran/Downloads/app/vendor/laravel/framework/src/Illuminate/Container/Container.php(523): call_user_func_array(Array, Array)
#14 /home/kiran/Downloads/app/vendor/laravel/framework/src/Illuminate/Foundation/Support/Providers/RouteServiceProvider.php(68): Illuminate\Container\Container->call(Array)
#15 /home/kiran/Downloads/app/vendor/laravel/framework/src/Illuminate/Foundation/Support/Providers/RouteServiceProvider.php(31): Illuminate\Foundation\Support\Providers\RouteServiceProvider->loadRoutes()
#16 /home/kiran/Downloads/app/app/Providers/RouteServiceProvider.php(25): Illuminate\Foundation\Support\Providers\RouteServiceProvider->boot(Object(Illuminate\Routing\Router))
#17 [internal function]: App\Providers\RouteServiceProvider->boot(Object(Illuminate\Routing\Router))
#18 /home/kiran/Downloads/app/vendor/laravel/framework/src/Illuminate/Container/Container.php(523): call_user_func_array(Array, Array)
#19 /home/kiran/Downloads/app/vendor/laravel/framework/src/Illuminate/Foundation/Application.php(672): Illuminate\Container\Container->call(Array)
#20 /home/kiran/Downloads/app/vendor/laravel/framework/src/Illuminate/Foundation/Application.php(654): Illuminate\Foundation\Application->bootProvider(Object(App\Providers\RouteServiceProvider))
#21 [internal function]: Illuminate\Foundation\Application->Illuminate\Foundation\{closure}(Object(App\Providers\RouteServiceProvider), 18)
#22 /home/kiran/Downloads/app/vendor/laravel/framework/src/Illuminate/Foundation/Application.php(655): array_walk(Array, Object(Closure))
#23 /home/kiran/Downloads/app/vendor/laravel/framework/src/Illuminate/Foundation/Bootstrap/BootProviders.php(15): Illuminate\Foundation\Application->boot()
#24 /home/kiran/Downloads/app/vendor/laravel/framework/src/Illuminate/Foundation/Application.php(167): Illuminate\Foundation\Bootstrap\BootProviders->bootstrap(Object(Illuminate\Foundation\Application))
#25 /home/kiran/Downloads/app/vendor/laravel/framework/src/Illuminate/Foundation/Console/Kernel.php(191): Illuminate\Foundation\Application->bootstrapWith(Array)
#26 /home/kiran/Downloads/app/vendor/laravel/framework/src/Illuminate/Foundation/Console/Kernel.php(88): Illuminate\Foundation\Console\Kernel->bootstrap()
#27 /home/kiran/Downloads/app/artisan(35): Illuminate\Foundation\Console\Kernel->handle(Object(Symfony\Component\Console\Input\ArgvInput), Object(Symfony\Component\Console\Output\ConsoleOutput))
#28 {main}

Next Illuminate\Database\QueryException: SQLSTATE[42S02]: Base table or view not found: 1146 Table 'budhijeevi_beta.tbltakshashila_url' doesn't exist (SQL: select * from `tbltakshashila_url` where `status` = 1) in /home/kiran/Downloads/app/vendor/laravel/framework/src/Illuminate/Database/Connection.php:620
Stack trace:
#0 /home/kiran/Downloads/app/vendor/laravel/framework/src/Illuminate/Database/Connection.php(576): Illuminate\Database\Connection->runQueryCallback('select * from `...', Array, Object(Closure))
#1 /home/kiran/Downloads/app/vendor/laravel/framework/src/Illuminate/Database/Connection.php(293): Illuminate\Database\Connection->run('select * from `...', Array, Object(Closure))
#2 /home/kiran/Downloads/app/vendor/laravel/framework/src/Illuminate/Database/Query/Builder.php(1377): Illuminate\Database\Connection->select('select * from `...', Array, true)
#3 /home/kiran/Downloads/app/vendor/laravel/framework/src/Illuminate/Database/Query/Builder.php(1367): Illuminate\Database\Query\Builder->runSelect()
#4 /home/kiran/Downloads/app/vendor/laravel/framework/src/Illuminate/Database/Query/Builder.php(1354): Illuminate\Database\Query\Builder->getFresh(Array)
#5 /home/kiran/Downloads/app/app/Http/routes.php(131): Illuminate\Database\Query\Builder->get()
#6 /home/kiran/Downloads/app/app/Providers/RouteServiceProvider.php(40): require('/home/kiran/Dow...')
#7 [internal function]: App\Providers\RouteServiceProvider->App\Providers\{closure}(Object(Illuminate\Routing\Router))
#8 /home/kiran/Downloads/app/vendor/laravel/framework/src/Illuminate/Routing/Router.php(343): call_user_func(Object(Closure), Object(Illuminate\Routing\Router))
#9 /home/kiran/Downloads/app/app/Providers/RouteServiceProvider.php(41): Illuminate\Routing\Router->group(Array, Object(Closure))
#10 [internal function]: App\Providers\RouteServiceProvider->map(Object(Illuminate\Routing\Router))
#11 /home/kiran/Downloads/app/vendor/laravel/framework/src/Illuminate/Container/Container.php(523): call_user_func_array(Array, Array)
#12 /home/kiran/Downloads/app/vendor/laravel/framework/src/Illuminate/Foundation/Support/Providers/RouteServiceProvider.php(68): Illuminate\Container\Container->call(Array)
#13 /home/kiran/Downloads/app/vendor/laravel/framework/src/Illuminate/Foundation/Support/Providers/RouteServiceProvider.php(31): Illuminate\Foundation\Support\Providers\RouteServiceProvider->loadRoutes()
#14 /home/kiran/Downloads/app/app/Providers/RouteServiceProvider.php(25): Illuminate\Foundation\Support\Providers\RouteServiceProvider->boot(Object(Illuminate\Routing\Router))
#15 [internal function]: App\Providers\RouteServiceProvider->boot(Object(Illuminate\Routing\Router))
#16 /home/kiran/Downloads/app/vendor/laravel/framework/src/Illuminate/Container/Container.php(523): call_user_func_array(Array, Array)
#17 /home/kiran/Downloads/app/vendor/laravel/framework/src/Illuminate/Foundation/Application.php(672): Illuminate\Container\Container->call(Array)
#18 /home/kiran/Downloads/app/vendor/laravel/framework/src/Illuminate/Foundation/Application.php(654): Illuminate\Foundation\Application->bootProvider(Object(App\Providers\RouteServiceProvider))
#19 [internal function]: Illuminate\Foundation\Application->Illuminate\Foundation\{closure}(Object(App\Providers\RouteServiceProvider), 18)
#20 /home/kiran/Downloads/app/vendor/laravel/framework/src/Illuminate/Foundation/Application.php(655): array_walk(Array, Object(Closure))
#21 /home/kiran/Downloads/app/vendor/laravel/framework/src/Illuminate/Foundation/Bootstrap/BootProviders.php(15): Illuminate\Foundation\Application->boot()
#22 /home/kiran/Downloads/app/vendor/laravel/framework/src/Illuminate/Foundation/Application.php(167): Illuminate\Foundation\Bootstrap\BootProviders->bootstrap(Object(Illuminate\Foundation\Application))
#23 /home/kiran/Downloads/app/vendor/laravel/framework/src/Illuminate/Foundation/Console/Kernel.php(191): Illuminate\Foundation\Application->bootstrapWith(Array)
#24 /home/kiran/Downloads/app/vendor/laravel/framework/src/Illuminate/Foundation/Console/Kernel.php(88): Illuminate\Foundation\Console\Kernel->bootstrap()
#25 /home/kiran/Downloads/app/artisan(35): Illuminate\Foundation\Console\Kernel->handle(Object(Symfony\Component\Console\Input\ArgvInput), Object(Symfony\Component\Console\Output\ConsoleOutput))
#26 {main}  
[2018-02-10 23:42:07] local.ERROR: PDOException: SQLSTATE[42S02]: Base table or view not found: 1146 Table 'budhijeevi_beta.tbltakshashila_url' doesn't exist in /home/kiran/Downloads/app/vendor/laravel/framework/src/Illuminate/Database/Connection.php:288
Stack trace:
#0 /home/kiran/Downloads/app/vendor/laravel/framework/src/Illuminate/Database/Connection.php(288): PDO->prepare('select * from `...')
#1 /home/kiran/Downloads/app/vendor/laravel/framework/src/Illuminate/Database/Connection.php(612): Illuminate\Database\Connection->Illuminate\Database\{closure}(Object(Illuminate\Database\MySqlConnection), 'select * from `...', Array)
#2 /home/kiran/Downloads/app/vendor/laravel/framework/src/Illuminate/Database/Connection.php(576): Illuminate\Database\Connection->runQueryCallback('select * from `...', Array, Object(Closure))
#3 /home/kiran/Downloads/app/vendor/laravel/framework/src/Illuminate/Database/Connection.php(293): Illuminate\Database\Connection->run('select * from `...', Array, Object(Closure))
#4 /home/kiran/Downloads/app/vendor/laravel/framework/src/Illuminate/Database/Query/Builder.php(1377): Illuminate\Database\Connection->select('select * from `...', Array, true)
#5 /home/kiran/Downloads/app/vendor/laravel/framework/src/Illuminate/Database/Query/Builder.php(1367): Illuminate\Database\Query\Builder->runSelect()
#6 /home/kiran/Downloads/app/vendor/laravel/framework/src/Illuminate/Database/Query/Builder.php(1354): Illuminate\Database\Query\Builder->getFresh(Array)
#7 /home/kiran/Downloads/app/app/Http/routes.php(131): Illuminate\Database\Query\Builder->get()
#8 /home/kiran/Downloads/app/app/Providers/RouteServiceProvider.php(40): require('/home/kiran/Dow...')
#9 [internal function]: App\Providers\RouteServiceProvider->App\Providers\{closure}(Object(Illuminate\Routing\Router))
#10 /home/kiran/Downloads/app/vendor/laravel/framework/src/Illuminate/Routing/Router.php(343): call_user_func(Object(Closure), Object(Illuminate\Routing\Router))
#11 /home/kiran/Downloads/app/app/Providers/RouteServiceProvider.php(41): Illuminate\Routing\Router->group(Array, Object(Closure))
#12 [internal function]: App\Providers\RouteServiceProvider->map(Object(Illuminate\Routing\Router))
#13 /home/kiran/Downloads/app/vendor/laravel/framework/src/Illuminate/Container/Container.php(523): call_user_func_array(Array, Array)
#14 /home/kiran/Downloads/app/vendor/laravel/framework/src/Illuminate/Foundation/Support/Providers/RouteServiceProvider.php(68): Illuminate\Container\Container->call(Array)
#15 /home/kiran/Downloads/app/vendor/laravel/framework/src/Illuminate/Foundation/Support/Providers/RouteServiceProvider.php(31): Illuminate\Foundation\Support\Providers\RouteServiceProvider->loadRoutes()
#16 /home/kiran/Downloads/app/app/Providers/RouteServiceProvider.php(25): Illuminate\Foundation\Support\Providers\RouteServiceProvider->boot(Object(Illuminate\Routing\Router))
#17 [internal function]: App\Providers\RouteServiceProvider->boot(Object(Illuminate\Routing\Router))
#18 /home/kiran/Downloads/app/vendor/laravel/framework/src/Illuminate/Container/Container.php(523): call_user_func_array(Array, Array)
#19 /home/kiran/Downloads/app/vendor/laravel/framework/src/Illuminate/Foundation/Application.php(672): Illuminate\Container\Container->call(Array)
#20 /home/kiran/Downloads/app/vendor/laravel/framework/src/Illuminate/Foundation/Application.php(654): Illuminate\Foundation\Application->bootProvider(Object(App\Providers\RouteServiceProvider))
#21 [internal function]: Illuminate\Foundation\Application->Illuminate\Foundation\{closure}(Object(App\Providers\RouteServiceProvider), 18)
#22 /home/kiran/Downloads/app/vendor/laravel/framework/src/Illuminate/Foundation/Application.php(655): array_walk(Array, Object(Closure))
#23 /home/kiran/Downloads/app/vendor/laravel/framework/src/Illuminate/Foundation/Bootstrap/BootProviders.php(15): Illuminate\Foundation\Application->boot()
#24 /home/kiran/Downloads/app/vendor/laravel/framework/src/Illuminate/Foundation/Application.php(167): Illuminate\Foundation\Bootstrap\BootProviders->bootstrap(Object(Illuminate\Foundation\Application))
#25 /home/kiran/Downloads/app/vendor/laravel/framework/src/Illuminate/Foundation/Console/Kernel.php(191): Illuminate\Foundation\Application->bootstrapWith(Array)
#26 /home/kiran/Downloads/app/vendor/laravel/framework/src/Illuminate/Foundation/Console/Kernel.php(88): Illuminate\Foundation\Console\Kernel->bootstrap()
#27 /home/kiran/Downloads/app/artisan(35): Illuminate\Foundation\Console\Kernel->handle(Object(Symfony\Component\Console\Input\ArgvInput), Object(Symfony\Component\Console\Output\ConsoleOutput))
#28 {main}

Next Illuminate\Database\QueryException: SQLSTATE[42S02]: Base table or view not found: 1146 Table 'budhijeevi_beta.tbltakshashila_url' doesn't exist (SQL: select * from `tbltakshashila_url` where `status` = 1) in /home/kiran/Downloads/app/vendor/laravel/framework/src/Illuminate/Database/Connection.php:620
Stack trace:
#0 /home/kiran/Downloads/app/vendor/laravel/framework/src/Illuminate/Database/Connection.php(576): Illuminate\Database\Connection->runQueryCallback('select * from `...', Array, Object(Closure))
#1 /home/kiran/Downloads/app/vendor/laravel/framework/src/Illuminate/Database/Connection.php(293): Illuminate\Database\Connection->run('select * from `...', Array, Object(Closure))
#2 /home/kiran/Downloads/app/vendor/laravel/framework/src/Illuminate/Database/Query/Builder.php(1377): Illuminate\Database\Connection->select('select * from `...', Array, true)
#3 /home/kiran/Downloads/app/vendor/laravel/framework/src/Illuminate/Database/Query/Builder.php(1367): Illuminate\Database\Query\Builder->runSelect()
#4 /home/kiran/Downloads/app/vendor/laravel/framework/src/Illuminate/Database/Query/Builder.php(1354): Illuminate\Database\Query\Builder->getFresh(Array)
#5 /home/kiran/Downloads/app/app/Http/routes.php(131): Illuminate\Database\Query\Builder->get()
#6 /home/kiran/Downloads/app/app/Providers/RouteServiceProvider.php(40): require('/home/kiran/Dow...')
#7 [internal function]: App\Providers\RouteServiceProvider->App\Providers\{closure}(Object(Illuminate\Routing\Router))
#8 /home/kiran/Downloads/app/vendor/laravel/framework/src/Illuminate/Routing/Router.php(343): call_user_func(Object(Closure), Object(Illuminate\Routing\Router))
#9 /home/kiran/Downloads/app/app/Providers/RouteServiceProvider.php(41): Illuminate\Routing\Router->group(Array, Object(Closure))
#10 [internal function]: App\Providers\RouteServiceProvider->map(Object(Illuminate\Routing\Router))
#11 /home/kiran/Downloads/app/vendor/laravel/framework/src/Illuminate/Container/Container.php(523): call_user_func_array(Array, Array)
#12 /home/kiran/Downloads/app/vendor/laravel/framework/src/Illuminate/Foundation/Support/Providers/RouteServiceProvider.php(68): Illuminate\Container\Container->call(Array)
#13 /home/kiran/Downloads/app/vendor/laravel/framework/src/Illuminate/Foundation/Support/Providers/RouteServiceProvider.php(31): Illuminate\Foundation\Support\Providers\RouteServiceProvider->loadRoutes()
#14 /home/kiran/Downloads/app/app/Providers/RouteServiceProvider.php(25): Illuminate\Foundation\Support\Providers\RouteServiceProvider->boot(Object(Illuminate\Routing\Router))
#15 [internal function]: App\Providers\RouteServiceProvider->boot(Object(Illuminate\Routing\Router))
#16 /home/kiran/Downloads/app/vendor/laravel/framework/src/Illuminate/Container/Container.php(523): call_user_func_array(Array, Array)
#17 /home/kiran/Downloads/app/vendor/laravel/framework/src/Illuminate/Foundation/Application.php(672): Illuminate\Container\Container->call(Array)
#18 /home/kiran/Downloads/app/vendor/laravel/framework/src/Illuminate/Foundation/Application.php(654): Illuminate\Foundation\Application->bootProvider(Object(App\Providers\RouteServiceProvider))
#19 [internal function]: Illuminate\Foundation\Application->Illuminate\Foundation\{closure}(Object(App\Providers\RouteServiceProvider), 18)
#20 /home/kiran/Downloads/app/vendor/laravel/framework/src/Illuminate/Foundation/Application.php(655): array_walk(Array, Object(Closure))
#21 /home/kiran/Downloads/app/vendor/laravel/framework/src/Illuminate/Foundation/Bootstrap/BootProviders.php(15): Illuminate\Foundation\Application->boot()
#22 /home/kiran/Downloads/app/vendor/laravel/framework/src/Illuminate/Foundation/Application.php(167): Illuminate\Foundation\Bootstrap\BootProviders->bootstrap(Object(Illuminate\Foundation\Application))
#23 /home/kiran/Downloads/app/vendor/laravel/framework/src/Illuminate/Foundation/Console/Kernel.php(191): Illuminate\Foundation\Application->bootstrapWith(Array)
#24 /home/kiran/Downloads/app/vendor/laravel/framework/src/Illuminate/Foundation/Console/Kernel.php(88): Illuminate\Foundation\Console\Kernel->bootstrap()
#25 /home/kiran/Downloads/app/artisan(35): Illuminate\Foundation\Console\Kernel->handle(Object(Symfony\Component\Console\Input\ArgvInput), Object(Symfony\Component\Console\Output\ConsoleOutput))
#26 {main}  
[2018-02-10 23:42:36] local.ERROR: PDOException: SQLSTATE[42S02]: Base table or view not found: 1146 Table 'budhijeevi_beta.tbltakshashila_url' doesn't exist in /home/kiran/Downloads/app/vendor/laravel/framework/src/Illuminate/Database/Connection.php:288
Stack trace:
#0 /home/kiran/Downloads/app/vendor/laravel/framework/src/Illuminate/Database/Connection.php(288): PDO->prepare('select * from `...')
#1 /home/kiran/Downloads/app/vendor/laravel/framework/src/Illuminate/Database/Connection.php(612): Illuminate\Database\Connection->Illuminate\Database\{closure}(Object(Illuminate\Database\MySqlConnection), 'select * from `...', Array)
#2 /home/kiran/Downloads/app/vendor/laravel/framework/src/Illuminate/Database/Connection.php(576): Illuminate\Database\Connection->runQueryCallback('select * from `...', Array, Object(Closure))
#3 /home/kiran/Downloads/app/vendor/laravel/framework/src/Illuminate/Database/Connection.php(293): Illuminate\Database\Connection->run('select * from `...', Array, Object(Closure))
#4 /home/kiran/Downloads/app/vendor/laravel/framework/src/Illuminate/Database/Query/Builder.php(1377): Illuminate\Database\Connection->select('select * from `...', Array, true)
#5 /home/kiran/Downloads/app/vendor/laravel/framework/src/Illuminate/Database/Query/Builder.php(1367): Illuminate\Database\Query\Builder->runSelect()
#6 /home/kiran/Downloads/app/vendor/laravel/framework/src/Illuminate/Database/Query/Builder.php(1354): Illuminate\Database\Query\Builder->getFresh(Array)
#7 /home/kiran/Downloads/app/app/Http/routes.php(131): Illuminate\Database\Query\Builder->get()
#8 /home/kiran/Downloads/app/app/Providers/RouteServiceProvider.php(40): require('/home/kiran/Dow...')
#9 [internal function]: App\Providers\RouteServiceProvider->App\Providers\{closure}(Object(Illuminate\Routing\Router))
#10 /home/kiran/Downloads/app/vendor/laravel/framework/src/Illuminate/Routing/Router.php(343): call_user_func(Object(Closure), Object(Illuminate\Routing\Router))
#11 /home/kiran/Downloads/app/app/Providers/RouteServiceProvider.php(41): Illuminate\Routing\Router->group(Array, Object(Closure))
#12 [internal function]: App\Providers\RouteServiceProvider->map(Object(Illuminate\Routing\Router))
#13 /home/kiran/Downloads/app/vendor/laravel/framework/src/Illuminate/Container/Container.php(523): call_user_func_array(Array, Array)
#14 /home/kiran/Downloads/app/vendor/laravel/framework/src/Illuminate/Foundation/Support/Providers/RouteServiceProvider.php(68): Illuminate\Container\Container->call(Array)
#15 /home/kiran/Downloads/app/vendor/laravel/framework/src/Illuminate/Foundation/Support/Providers/RouteServiceProvider.php(31): Illuminate\Foundation\Support\Providers\RouteServiceProvider->loadRoutes()
#16 /home/kiran/Downloads/app/app/Providers/RouteServiceProvider.php(25): Illuminate\Foundation\Support\Providers\RouteServiceProvider->boot(Object(Illuminate\Routing\Router))
#17 [internal function]: App\Providers\RouteServiceProvider->boot(Object(Illuminate\Routing\Router))
#18 /home/kiran/Downloads/app/vendor/laravel/framework/src/Illuminate/Container/Container.php(523): call_user_func_array(Array, Array)
#19 /home/kiran/Downloads/app/vendor/laravel/framework/src/Illuminate/Foundation/Application.php(672): Illuminate\Container\Container->call(Array)
#20 /home/kiran/Downloads/app/vendor/laravel/framework/src/Illuminate/Foundation/Application.php(654): Illuminate\Foundation\Application->bootProvider(Object(App\Providers\RouteServiceProvider))
#21 [internal function]: Illuminate\Foundation\Application->Illuminate\Foundation\{closure}(Object(App\Providers\RouteServiceProvider), 18)
#22 /home/kiran/Downloads/app/vendor/laravel/framework/src/Illuminate/Foundation/Application.php(655): array_walk(Array, Object(Closure))
#23 /home/kiran/Downloads/app/vendor/laravel/framework/src/Illuminate/Foundation/Bootstrap/BootProviders.php(15): Illuminate\Foundation\Application->boot()
#24 /home/kiran/Downloads/app/vendor/laravel/framework/src/Illuminate/Foundation/Application.php(167): Illuminate\Foundation\Bootstrap\BootProviders->bootstrap(Object(Illuminate\Foundation\Application))
#25 /home/kiran/Downloads/app/vendor/laravel/framework/src/Illuminate/Foundation/Console/Kernel.php(191): Illuminate\Foundation\Application->bootstrapWith(Array)
#26 /home/kiran/Downloads/app/vendor/laravel/framework/src/Illuminate/Foundation/Console/Kernel.php(88): Illuminate\Foundation\Console\Kernel->bootstrap()
#27 /home/kiran/Downloads/app/artisan(35): Illuminate\Foundation\Console\Kernel->handle(Object(Symfony\Component\Console\Input\ArgvInput), Object(Symfony\Component\Console\Output\ConsoleOutput))
#28 {main}

Next Illuminate\Database\QueryException: SQLSTATE[42S02]: Base table or view not found: 1146 Table 'budhijeevi_beta.tbltakshashila_url' doesn't exist (SQL: select * from `tbltakshashila_url` where `status` = 1) in /home/kiran/Downloads/app/vendor/laravel/framework/src/Illuminate/Database/Connection.php:620
Stack trace:
#0 /home/kiran/Downloads/app/vendor/laravel/framework/src/Illuminate/Database/Connection.php(576): Illuminate\Database\Connection->runQueryCallback('select * from `...', Array, Object(Closure))
#1 /home/kiran/Downloads/app/vendor/laravel/framework/src/Illuminate/Database/Connection.php(293): Illuminate\Database\Connection->run('select * from `...', Array, Object(Closure))
#2 /home/kiran/Downloads/app/vendor/laravel/framework/src/Illuminate/Database/Query/Builder.php(1377): Illuminate\Database\Connection->select('select * from `...', Array, true)
#3 /home/kiran/Downloads/app/vendor/laravel/framework/src/Illuminate/Database/Query/Builder.php(1367): Illuminate\Database\Query\Builder->runSelect()
#4 /home/kiran/Downloads/app/vendor/laravel/framework/src/Illuminate/Database/Query/Builder.php(1354): Illuminate\Database\Query\Builder->getFresh(Array)
#5 /home/kiran/Downloads/app/app/Http/routes.php(131): Illuminate\Database\Query\Builder->get()
#6 /home/kiran/Downloads/app/app/Providers/RouteServiceProvider.php(40): require('/home/kiran/Dow...')
#7 [internal function]: App\Providers\RouteServiceProvider->App\Providers\{closure}(Object(Illuminate\Routing\Router))
#8 /home/kiran/Downloads/app/vendor/laravel/framework/src/Illuminate/Routing/Router.php(343): call_user_func(Object(Closure), Object(Illuminate\Routing\Router))
#9 /home/kiran/Downloads/app/app/Providers/RouteServiceProvider.php(41): Illuminate\Routing\Router->group(Array, Object(Closure))
#10 [internal function]: App\Providers\RouteServiceProvider->map(Object(Illuminate\Routing\Router))
#11 /home/kiran/Downloads/app/vendor/laravel/framework/src/Illuminate/Container/Container.php(523): call_user_func_array(Array, Array)
#12 /home/kiran/Downloads/app/vendor/laravel/framework/src/Illuminate/Foundation/Support/Providers/RouteServiceProvider.php(68): Illuminate\Container\Container->call(Array)
#13 /home/kiran/Downloads/app/vendor/laravel/framework/src/Illuminate/Foundation/Support/Providers/RouteServiceProvider.php(31): Illuminate\Foundation\Support\Providers\RouteServiceProvider->loadRoutes()
#14 /home/kiran/Downloads/app/app/Providers/RouteServiceProvider.php(25): Illuminate\Foundation\Support\Providers\RouteServiceProvider->boot(Object(Illuminate\Routing\Router))
#15 [internal function]: App\Providers\RouteServiceProvider->boot(Object(Illuminate\Routing\Router))
#16 /home/kiran/Downloads/app/vendor/laravel/framework/src/Illuminate/Container/Container.php(523): call_user_func_array(Array, Array)
#17 /home/kiran/Downloads/app/vendor/laravel/framework/src/Illuminate/Foundation/Application.php(672): Illuminate\Container\Container->call(Array)
#18 /home/kiran/Downloads/app/vendor/laravel/framework/src/Illuminate/Foundation/Application.php(654): Illuminate\Foundation\Application->bootProvider(Object(App\Providers\RouteServiceProvider))
#19 [internal function]: Illuminate\Foundation\Application->Illuminate\Foundation\{closure}(Object(App\Providers\RouteServiceProvider), 18)
#20 /home/kiran/Downloads/app/vendor/laravel/framework/src/Illuminate/Foundation/Application.php(655): array_walk(Array, Object(Closure))
#21 /home/kiran/Downloads/app/vendor/laravel/framework/src/Illuminate/Foundation/Bootstrap/BootProviders.php(15): Illuminate\Foundation\Application->boot()
#22 /home/kiran/Downloads/app/vendor/laravel/framework/src/Illuminate/Foundation/Application.php(167): Illuminate\Foundation\Bootstrap\BootProviders->bootstrap(Object(Illuminate\Foundation\Application))
#23 /home/kiran/Downloads/app/vendor/laravel/framework/src/Illuminate/Foundation/Console/Kernel.php(191): Illuminate\Foundation\Application->bootstrapWith(Array)
#24 /home/kiran/Downloads/app/vendor/laravel/framework/src/Illuminate/Foundation/Console/Kernel.php(88): Illuminate\Foundation\Console\Kernel->bootstrap()
#25 /home/kiran/Downloads/app/artisan(35): Illuminate\Foundation\Console\Kernel->handle(Object(Symfony\Component\Console\Input\ArgvInput), Object(Symfony\Component\Console\Output\ConsoleOutput))
#26 {main}  
[2018-02-10 23:43:10] local.ERROR: PDOException: SQLSTATE[42S02]: Base table or view not found: 1146 Table 'budhijeevi_beta.tbltakshashila_url' doesn't exist in /home/kiran/Downloads/app/vendor/laravel/framework/src/Illuminate/Database/Connection.php:288
Stack trace:
#0 /home/kiran/Downloads/app/vendor/laravel/framework/src/Illuminate/Database/Connection.php(288): PDO->prepare('select * from `...')
#1 /home/kiran/Downloads/app/vendor/laravel/framework/src/Illuminate/Database/Connection.php(612): Illuminate\Database\Connection->Illuminate\Database\{closure}(Object(Illuminate\Database\MySqlConnection), 'select * from `...', Array)
#2 /home/kiran/Downloads/app/vendor/laravel/framework/src/Illuminate/Database/Connection.php(576): Illuminate\Database\Connection->runQueryCallback('select * from `...', Array, Object(Closure))
#3 /home/kiran/Downloads/app/vendor/laravel/framework/src/Illuminate/Database/Connection.php(293): Illuminate\Database\Connection->run('select * from `...', Array, Object(Closure))
#4 /home/kiran/Downloads/app/vendor/laravel/framework/src/Illuminate/Database/Query/Builder.php(1377): Illuminate\Database\Connection->select('select * from `...', Array, true)
#5 /home/kiran/Downloads/app/vendor/laravel/framework/src/Illuminate/Database/Query/Builder.php(1367): Illuminate\Database\Query\Builder->runSelect()
#6 /home/kiran/Downloads/app/vendor/laravel/framework/src/Illuminate/Database/Query/Builder.php(1354): Illuminate\Database\Query\Builder->getFresh(Array)
#7 /home/kiran/Downloads/app/app/Http/routes.php(131): Illuminate\Database\Query\Builder->get()
#8 /home/kiran/Downloads/app/app/Providers/RouteServiceProvider.php(40): require('/home/kiran/Dow...')
#9 [internal function]: App\Providers\RouteServiceProvider->App\Providers\{closure}(Object(Illuminate\Routing\Router))
#10 /home/kiran/Downloads/app/vendor/laravel/framework/src/Illuminate/Routing/Router.php(343): call_user_func(Object(Closure), Object(Illuminate\Routing\Router))
#11 /home/kiran/Downloads/app/app/Providers/RouteServiceProvider.php(41): Illuminate\Routing\Router->group(Array, Object(Closure))
#12 [internal function]: App\Providers\RouteServiceProvider->map(Object(Illuminate\Routing\Router))
#13 /home/kiran/Downloads/app/vendor/laravel/framework/src/Illuminate/Container/Container.php(523): call_user_func_array(Array, Array)
#14 /home/kiran/Downloads/app/vendor/laravel/framework/src/Illuminate/Foundation/Support/Providers/RouteServiceProvider.php(68): Illuminate\Container\Container->call(Array)
#15 /home/kiran/Downloads/app/vendor/laravel/framework/src/Illuminate/Foundation/Support/Providers/RouteServiceProvider.php(31): Illuminate\Foundation\Support\Providers\RouteServiceProvider->loadRoutes()
#16 /home/kiran/Downloads/app/app/Providers/RouteServiceProvider.php(25): Illuminate\Foundation\Support\Providers\RouteServiceProvider->boot(Object(Illuminate\Routing\Router))
#17 [internal function]: App\Providers\RouteServiceProvider->boot(Object(Illuminate\Routing\Router))
#18 /home/kiran/Downloads/app/vendor/laravel/framework/src/Illuminate/Container/Container.php(523): call_user_func_array(Array, Array)
#19 /home/kiran/Downloads/app/vendor/laravel/framework/src/Illuminate/Foundation/Application.php(672): Illuminate\Container\Container->call(Array)
#20 /home/kiran/Downloads/app/vendor/laravel/framework/src/Illuminate/Foundation/Application.php(654): Illuminate\Foundation\Application->bootProvider(Object(App\Providers\RouteServiceProvider))
#21 [internal function]: Illuminate\Foundation\Application->Illuminate\Foundation\{closure}(Object(App\Providers\RouteServiceProvider), 18)
#22 /home/kiran/Downloads/app/vendor/laravel/framework/src/Illuminate/Foundation/Application.php(655): array_walk(Array, Object(Closure))
#23 /home/kiran/Downloads/app/vendor/laravel/framework/src/Illuminate/Foundation/Bootstrap/BootProviders.php(15): Illuminate\Foundation\Application->boot()
#24 /home/kiran/Downloads/app/vendor/laravel/framework/src/Illuminate/Foundation/Application.php(167): Illuminate\Foundation\Bootstrap\BootProviders->bootstrap(Object(Illuminate\Foundation\Application))
#25 /home/kiran/Downloads/app/vendor/laravel/framework/src/Illuminate/Foundation/Console/Kernel.php(191): Illuminate\Foundation\Application->bootstrapWith(Array)
#26 /home/kiran/Downloads/app/vendor/laravel/framework/src/Illuminate/Foundation/Console/Kernel.php(88): Illuminate\Foundation\Console\Kernel->bootstrap()
#27 /home/kiran/Downloads/app/artisan(35): Illuminate\Foundation\Console\Kernel->handle(Object(Symfony\Component\Console\Input\ArgvInput), Object(Symfony\Component\Console\Output\ConsoleOutput))
#28 {main}

Next Illuminate\Database\QueryException: SQLSTATE[42S02]: Base table or view not found: 1146 Table 'budhijeevi_beta.tbltakshashila_url' doesn't exist (SQL: select * from `tbltakshashila_url` where `status` = 1) in /home/kiran/Downloads/app/vendor/laravel/framework/src/Illuminate/Database/Connection.php:620
Stack trace:
#0 /home/kiran/Downloads/app/vendor/laravel/framework/src/Illuminate/Database/Connection.php(576): Illuminate\Database\Connection->runQueryCallback('select * from `...', Array, Object(Closure))
#1 /home/kiran/Downloads/app/vendor/laravel/framework/src/Illuminate/Database/Connection.php(293): Illuminate\Database\Connection->run('select * from `...', Array, Object(Closure))
#2 /home/kiran/Downloads/app/vendor/laravel/framework/src/Illuminate/Database/Query/Builder.php(1377): Illuminate\Database\Connection->select('select * from `...', Array, true)
#3 /home/kiran/Downloads/app/vendor/laravel/framework/src/Illuminate/Database/Query/Builder.php(1367): Illuminate\Database\Query\Builder->runSelect()
#4 /home/kiran/Downloads/app/vendor/laravel/framework/src/Illuminate/Database/Query/Builder.php(1354): Illuminate\Database\Query\Builder->getFresh(Array)
#5 /home/kiran/Downloads/app/app/Http/routes.php(131): Illuminate\Database\Query\Builder->get()
#6 /home/kiran/Downloads/app/app/Providers/RouteServiceProvider.php(40): require('/home/kiran/Dow...')
#7 [internal function]: App\Providers\RouteServiceProvider->App\Providers\{closure}(Object(Illuminate\Routing\Router))
#8 /home/kiran/Downloads/app/vendor/laravel/framework/src/Illuminate/Routing/Router.php(343): call_user_func(Object(Closure), Object(Illuminate\Routing\Router))
#9 /home/kiran/Downloads/app/app/Providers/RouteServiceProvider.php(41): Illuminate\Routing\Router->group(Array, Object(Closure))
#10 [internal function]: App\Providers\RouteServiceProvider->map(Object(Illuminate\Routing\Router))
#11 /home/kiran/Downloads/app/vendor/laravel/framework/src/Illuminate/Container/Container.php(523): call_user_func_array(Array, Array)
#12 /home/kiran/Downloads/app/vendor/laravel/framework/src/Illuminate/Foundation/Support/Providers/RouteServiceProvider.php(68): Illuminate\Container\Container->call(Array)
#13 /home/kiran/Downloads/app/vendor/laravel/framework/src/Illuminate/Foundation/Support/Providers/RouteServiceProvider.php(31): Illuminate\Foundation\Support\Providers\RouteServiceProvider->loadRoutes()
#14 /home/kiran/Downloads/app/app/Providers/RouteServiceProvider.php(25): Illuminate\Foundation\Support\Providers\RouteServiceProvider->boot(Object(Illuminate\Routing\Router))
#15 [internal function]: App\Providers\RouteServiceProvider->boot(Object(Illuminate\Routing\Router))
#16 /home/kiran/Downloads/app/vendor/laravel/framework/src/Illuminate/Container/Container.php(523): call_user_func_array(Array, Array)
#17 /home/kiran/Downloads/app/vendor/laravel/framework/src/Illuminate/Foundation/Application.php(672): Illuminate\Container\Container->call(Array)
#18 /home/kiran/Downloads/app/vendor/laravel/framework/src/Illuminate/Foundation/Application.php(654): Illuminate\Foundation\Application->bootProvider(Object(App\Providers\RouteServiceProvider))
#19 [internal function]: Illuminate\Foundation\Application->Illuminate\Foundation\{closure}(Object(App\Providers\RouteServiceProvider), 18)
#20 /home/kiran/Downloads/app/vendor/laravel/framework/src/Illuminate/Foundation/Application.php(655): array_walk(Array, Object(Closure))
#21 /home/kiran/Downloads/app/vendor/laravel/framework/src/Illuminate/Foundation/Bootstrap/BootProviders.php(15): Illuminate\Foundation\Application->boot()
#22 /home/kiran/Downloads/app/vendor/laravel/framework/src/Illuminate/Foundation/Application.php(167): Illuminate\Foundation\Bootstrap\BootProviders->bootstrap(Object(Illuminate\Foundation\Application))
#23 /home/kiran/Downloads/app/vendor/laravel/framework/src/Illuminate/Foundation/Console/Kernel.php(191): Illuminate\Foundation\Application->bootstrapWith(Array)
#24 /home/kiran/Downloads/app/vendor/laravel/framework/src/Illuminate/Foundation/Console/Kernel.php(88): Illuminate\Foundation\Console\Kernel->bootstrap()
#25 /home/kiran/Downloads/app/artisan(35): Illuminate\Foundation\Console\Kernel->handle(Object(Symfony\Component\Console\Input\ArgvInput), Object(Symfony\Component\Console\Output\ConsoleOutput))
#26 {main}  
